Mon 3 16:43:44 DESKTOP-J1KCQCL php: [ERROR] 1049: SQLSTATE[HY000] [1049] Unknown database 'vdevpro' in C:\xampp\htdocs\phalcon-tool\scripts\Phalcon\Initializable.php on line 542
Sun 9 06:13:39 DESKTOP-J1KCQCL php: [WARNING] E_WARNING: Phalcon\Assets\Resource::getContent(): php_network_getaddresses: getaddrinfo failed: No such host is known.  in C:\xampp\htdocs\vdevpro\cache\Phalcon_Web_Tools_Views__layouts_webtools.php on line 18
Sun 9 06:13:39 DESKTOP-J1KCQCL php: [WARNING] E_WARNING: Phalcon\Assets\Resource::getContent(https://oss.maxcdn.com/html5shiv/3.7.3/html5shiv.min.js): failed to open stream: php_network_getaddresses: getaddrinfo failed: No such host is known.  in C:\xampp\htdocs\vdevpro\cache\Phalcon_Web_Tools_Views__layouts_webtools.php on line 18
Sun 9 06:13:39 DESKTOP-J1KCQCL php: [ERROR] Uncaught exception: Resource's content for 'https://oss.maxcdn.com/html5shiv/3.7.3/html5shiv.min.js' cannot be read in C:\xampp\htdocs\vdevpro\cache\Phalcon_Web_Tools_Views__layouts_webtools.php on line 18
Sun 9 06:13:58 DESKTOP-J1KCQCL php: [WARNING] E_WARNING: Phalcon\Assets\Resource::getContent(): php_network_getaddresses: getaddrinfo failed: No such host is known.  in C:\xampp\htdocs\vdevpro\cache\Phalcon_Web_Tools_Views__layouts_webtools.php on line 18
Sun 9 06:13:58 DESKTOP-J1KCQCL php: [WARNING] E_WARNING: Phalcon\Assets\Resource::getContent(https://oss.maxcdn.com/html5shiv/3.7.3/html5shiv.min.js): failed to open stream: php_network_getaddresses: getaddrinfo failed: No such host is known.  in C:\xampp\htdocs\vdevpro\cache\Phalcon_Web_Tools_Views__layouts_webtools.php on line 18
Sun 9 06:13:58 DESKTOP-J1KCQCL php: [ERROR] Uncaught exception: Resource's content for 'https://oss.maxcdn.com/html5shiv/3.7.3/html5shiv.min.js' cannot be read in C:\xampp\htdocs\vdevpro\cache\Phalcon_Web_Tools_Views__layouts_webtools.php on line 18
Sun 9 06:14:25 DESKTOP-J1KCQCL php: [WARNING] E_WARNING: Phalcon\Assets\Resource::getContent(): php_network_getaddresses: getaddrinfo failed: No such host is known.  in C:\xampp\htdocs\vdevpro\cache\Phalcon_Web_Tools_Views__layouts_webtools.php on line 18
Sun 9 06:14:25 DESKTOP-J1KCQCL php: [WARNING] E_WARNING: Phalcon\Assets\Resource::getContent(https://oss.maxcdn.com/html5shiv/3.7.3/html5shiv.min.js): failed to open stream: php_network_getaddresses: getaddrinfo failed: No such host is known.  in C:\xampp\htdocs\vdevpro\cache\Phalcon_Web_Tools_Views__layouts_webtools.php on line 18
Sun 9 06:14:25 DESKTOP-J1KCQCL php: [ERROR] Uncaught exception: Resource's content for 'https://oss.maxcdn.com/html5shiv/3.7.3/html5shiv.min.js' cannot be read in C:\xampp\htdocs\vdevpro\cache\Phalcon_Web_Tools_Views__layouts_webtools.php on line 18
Sun 9 06:22:58 DESKTOP-J1KCQCL php: [WARNING] E_WARNING: Phalcon\Assets\Resource::getContent(): php_network_getaddresses: getaddrinfo failed: No such host is known.  in C:\xampp\htdocs\vdevpro\cache\Phalcon_Web_Tools_Views__layouts_webtools.php on line 18
Sun 9 06:22:58 DESKTOP-J1KCQCL php: [WARNING] E_WARNING: Phalcon\Assets\Resource::getContent(https://oss.maxcdn.com/html5shiv/3.7.3/html5shiv.min.js): failed to open stream: php_network_getaddresses: getaddrinfo failed: No such host is known.  in C:\xampp\htdocs\vdevpro\cache\Phalcon_Web_Tools_Views__layouts_webtools.php on line 18
Sun 9 06:22:58 DESKTOP-J1KCQCL php: [ERROR] Uncaught exception: Resource's content for 'https://oss.maxcdn.com/html5shiv/3.7.3/html5shiv.min.js' cannot be read in C:\xampp\htdocs\vdevpro\cache\Phalcon_Web_Tools_Views__layouts_webtools.php on line 18
Sun 9 06:23:12 DESKTOP-J1KCQCL php: [WARNING] E_WARNING: Phalcon\Assets\Resource::getContent(): php_network_getaddresses: getaddrinfo failed: No such host is known.  in C:\xampp\htdocs\vdevpro\cache\Phalcon_Web_Tools_Views__layouts_webtools.php on line 18
Sun 9 06:23:12 DESKTOP-J1KCQCL php: [WARNING] E_WARNING: Phalcon\Assets\Resource::getContent(https://oss.maxcdn.com/html5shiv/3.7.3/html5shiv.min.js): failed to open stream: php_network_getaddresses: getaddrinfo failed: No such host is known.  in C:\xampp\htdocs\vdevpro\cache\Phalcon_Web_Tools_Views__layouts_webtools.php on line 18
Sun 9 06:23:12 DESKTOP-J1KCQCL php: [ERROR] Uncaught exception: Resource's content for 'https://oss.maxcdn.com/html5shiv/3.7.3/html5shiv.min.js' cannot be read in C:\xampp\htdocs\vdevpro\cache\Phalcon_Web_Tools_Views__layouts_webtools.php on line 18
Sun 9 06:24:29 DESKTOP-J1KCQCL php: [WARNING] E_WARNING: Phalcon\Assets\Resource::getContent(): php_network_getaddresses: getaddrinfo failed: No such host is known.  in C:\xampp\htdocs\vdevpro\cache\Phalcon_Web_Tools_Views__layouts_webtools.php on line 18
Sun 9 06:24:29 DESKTOP-J1KCQCL php: [WARNING] E_WARNING: Phalcon\Assets\Resource::getContent(https://oss.maxcdn.com/html5shiv/3.7.3/html5shiv.min.js): failed to open stream: php_network_getaddresses: getaddrinfo failed: No such host is known.  in C:\xampp\htdocs\vdevpro\cache\Phalcon_Web_Tools_Views__layouts_webtools.php on line 18
Sun 9 06:24:29 DESKTOP-J1KCQCL php: [ERROR] Uncaught exception: Resource's content for 'https://oss.maxcdn.com/html5shiv/3.7.3/html5shiv.min.js' cannot be read in C:\xampp\htdocs\vdevpro\cache\Phalcon_Web_Tools_Views__layouts_webtools.php on line 18
Sun 9 06:26:05 DESKTOP-J1KCQCL php: [WARNING] E_WARNING: Phalcon\Assets\Resource::getContent(): php_network_getaddresses: getaddrinfo failed: No such host is known.  in C:\xampp\htdocs\vdevpro\cache\Phalcon_Web_Tools_Views__layouts_webtools.php on line 18
Sun 9 06:26:05 DESKTOP-J1KCQCL php: [WARNING] E_WARNING: Phalcon\Assets\Resource::getContent(https://oss.maxcdn.com/html5shiv/3.7.3/html5shiv.min.js): failed to open stream: php_network_getaddresses: getaddrinfo failed: No such host is known.  in C:\xampp\htdocs\vdevpro\cache\Phalcon_Web_Tools_Views__layouts_webtools.php on line 18
Sun 9 06:26:05 DESKTOP-J1KCQCL php: [ERROR] Uncaught exception: Resource's content for 'https://oss.maxcdn.com/html5shiv/3.7.3/html5shiv.min.js' cannot be read in C:\xampp\htdocs\vdevpro\cache\Phalcon_Web_Tools_Views__layouts_webtools.php on line 18
Sun 9 06:49:07 DESKTOP-J1KCQCL php: [WARNING] E_WARNING: Phalcon\Assets\Resource::getContent(): php_network_getaddresses: getaddrinfo failed: No such host is known.  in C:\xampp\htdocs\vdevpro\cache\Phalcon_Web_Tools_Views__layouts_webtools.php on line 18
Sun 9 06:49:07 DESKTOP-J1KCQCL php: [WARNING] E_WARNING: Phalcon\Assets\Resource::getContent(https://oss.maxcdn.com/html5shiv/3.7.3/html5shiv.min.js): failed to open stream: php_network_getaddresses: getaddrinfo failed: No such host is known.  in C:\xampp\htdocs\vdevpro\cache\Phalcon_Web_Tools_Views__layouts_webtools.php on line 18
Sun 9 06:49:07 DESKTOP-J1KCQCL php: [ERROR] Uncaught exception: Resource's content for 'https://oss.maxcdn.com/html5shiv/3.7.3/html5shiv.min.js' cannot be read in C:\xampp\htdocs\vdevpro\cache\Phalcon_Web_Tools_Views__layouts_webtools.php on line 18
Sun 9 06:49:08 DESKTOP-J1KCQCL php: [WARNING] E_WARNING: Phalcon\Assets\Resource::getContent(): php_network_getaddresses: getaddrinfo failed: No such host is known.  in C:\xampp\htdocs\vdevpro\cache\Phalcon_Web_Tools_Views__layouts_webtools.php on line 18
Sun 9 06:49:08 DESKTOP-J1KCQCL php: [WARNING] E_WARNING: Phalcon\Assets\Resource::getContent(https://oss.maxcdn.com/html5shiv/3.7.3/html5shiv.min.js): failed to open stream: php_network_getaddresses: getaddrinfo failed: No such host is known.  in C:\xampp\htdocs\vdevpro\cache\Phalcon_Web_Tools_Views__layouts_webtools.php on line 18
Sun 9 06:49:08 DESKTOP-J1KCQCL php: [ERROR] Uncaught exception: Resource's content for 'https://oss.maxcdn.com/html5shiv/3.7.3/html5shiv.min.js' cannot be read in C:\xampp\htdocs\vdevpro\cache\Phalcon_Web_Tools_Views__layouts_webtools.php on line 18
Sun 9 06:49:08 DESKTOP-J1KCQCL php: [WARNING] E_WARNING: Phalcon\Assets\Resource::getContent(): php_network_getaddresses: getaddrinfo failed: No such host is known.  in C:\xampp\htdocs\vdevpro\cache\Phalcon_Web_Tools_Views__layouts_webtools.php on line 18
Sun 9 06:49:08 DESKTOP-J1KCQCL php: [WARNING] E_WARNING: Phalcon\Assets\Resource::getContent(https://oss.maxcdn.com/html5shiv/3.7.3/html5shiv.min.js): failed to open stream: php_network_getaddresses: getaddrinfo failed: No such host is known.  in C:\xampp\htdocs\vdevpro\cache\Phalcon_Web_Tools_Views__layouts_webtools.php on line 18
Sun 9 06:49:08 DESKTOP-J1KCQCL php: [ERROR] Uncaught exception: Resource's content for 'https://oss.maxcdn.com/html5shiv/3.7.3/html5shiv.min.js' cannot be read in C:\xampp\htdocs\vdevpro\cache\Phalcon_Web_Tools_Views__layouts_webtools.php on line 18
Sun 9 06:49:09 DESKTOP-J1KCQCL php: [WARNING] E_WARNING: Phalcon\Assets\Resource::getContent(): php_network_getaddresses: getaddrinfo failed: No such host is known.  in C:\xampp\htdocs\vdevpro\cache\Phalcon_Web_Tools_Views__layouts_webtools.php on line 18
Sun 9 06:49:09 DESKTOP-J1KCQCL php: [WARNING] E_WARNING: Phalcon\Assets\Resource::getContent(https://oss.maxcdn.com/html5shiv/3.7.3/html5shiv.min.js): failed to open stream: php_network_getaddresses: getaddrinfo failed: No such host is known.  in C:\xampp\htdocs\vdevpro\cache\Phalcon_Web_Tools_Views__layouts_webtools.php on line 18
Sun 9 06:49:09 DESKTOP-J1KCQCL php: [ERROR] Uncaught exception: Resource's content for 'https://oss.maxcdn.com/html5shiv/3.7.3/html5shiv.min.js' cannot be read in C:\xampp\htdocs\vdevpro\cache\Phalcon_Web_Tools_Views__layouts_webtools.php on line 18
Sun 9 06:49:09 DESKTOP-J1KCQCL php: [WARNING] E_WARNING: Phalcon\Assets\Resource::getContent(): php_network_getaddresses: getaddrinfo failed: No such host is known.  in C:\xampp\htdocs\vdevpro\cache\Phalcon_Web_Tools_Views__layouts_webtools.php on line 18
Sun 9 06:49:09 DESKTOP-J1KCQCL php: [WARNING] E_WARNING: Phalcon\Assets\Resource::getContent(https://oss.maxcdn.com/html5shiv/3.7.3/html5shiv.min.js): failed to open stream: php_network_getaddresses: getaddrinfo failed: No such host is known.  in C:\xampp\htdocs\vdevpro\cache\Phalcon_Web_Tools_Views__layouts_webtools.php on line 18
Sun 9 06:49:09 DESKTOP-J1KCQCL php: [ERROR] Uncaught exception: Resource's content for 'https://oss.maxcdn.com/html5shiv/3.7.3/html5shiv.min.js' cannot be read in C:\xampp\htdocs\vdevpro\cache\Phalcon_Web_Tools_Views__layouts_webtools.php on line 18
Sun 9 06:49:09 DESKTOP-J1KCQCL php: [WARNING] E_WARNING: Phalcon\Assets\Resource::getContent(): php_network_getaddresses: getaddrinfo failed: No such host is known.  in C:\xampp\htdocs\vdevpro\cache\Phalcon_Web_Tools_Views__layouts_webtools.php on line 18
Sun 9 06:49:09 DESKTOP-J1KCQCL php: [WARNING] E_WARNING: Phalcon\Assets\Resource::getContent(https://oss.maxcdn.com/html5shiv/3.7.3/html5shiv.min.js): failed to open stream: php_network_getaddresses: getaddrinfo failed: No such host is known.  in C:\xampp\htdocs\vdevpro\cache\Phalcon_Web_Tools_Views__layouts_webtools.php on line 18
Sun 9 06:49:09 DESKTOP-J1KCQCL php: [ERROR] Uncaught exception: Resource's content for 'https://oss.maxcdn.com/html5shiv/3.7.3/html5shiv.min.js' cannot be read in C:\xampp\htdocs\vdevpro\cache\Phalcon_Web_Tools_Views__layouts_webtools.php on line 18
Sun 9 06:49:09 DESKTOP-J1KCQCL php: [WARNING] E_WARNING: Phalcon\Assets\Resource::getContent(): php_network_getaddresses: getaddrinfo failed: No such host is known.  in C:\xampp\htdocs\vdevpro\cache\Phalcon_Web_Tools_Views__layouts_webtools.php on line 18
Sun 9 06:49:09 DESKTOP-J1KCQCL php: [WARNING] E_WARNING: Phalcon\Assets\Resource::getContent(https://oss.maxcdn.com/html5shiv/3.7.3/html5shiv.min.js): failed to open stream: php_network_getaddresses: getaddrinfo failed: No such host is known.  in C:\xampp\htdocs\vdevpro\cache\Phalcon_Web_Tools_Views__layouts_webtools.php on line 18
Sun 9 06:49:09 DESKTOP-J1KCQCL php: [ERROR] Uncaught exception: Resource's content for 'https://oss.maxcdn.com/html5shiv/3.7.3/html5shiv.min.js' cannot be read in C:\xampp\htdocs\vdevpro\cache\Phalcon_Web_Tools_Views__layouts_webtools.php on line 18
Sun 9 06:49:09 DESKTOP-J1KCQCL php: [WARNING] E_WARNING: Phalcon\Assets\Resource::getContent(): php_network_getaddresses: getaddrinfo failed: No such host is known.  in C:\xampp\htdocs\vdevpro\cache\Phalcon_Web_Tools_Views__layouts_webtools.php on line 18
Sun 9 06:49:09 DESKTOP-J1KCQCL php: [WARNING] E_WARNING: Phalcon\Assets\Resource::getContent(https://oss.maxcdn.com/html5shiv/3.7.3/html5shiv.min.js): failed to open stream: php_network_getaddresses: getaddrinfo failed: No such host is known.  in C:\xampp\htdocs\vdevpro\cache\Phalcon_Web_Tools_Views__layouts_webtools.php on line 18
Sun 9 06:49:09 DESKTOP-J1KCQCL php: [ERROR] Uncaught exception: Resource's content for 'https://oss.maxcdn.com/html5shiv/3.7.3/html5shiv.min.js' cannot be read in C:\xampp\htdocs\vdevpro\cache\Phalcon_Web_Tools_Views__layouts_webtools.php on line 18
Sun 9 06:49:15 DESKTOP-J1KCQCL php: [WARNING] E_WARNING: Phalcon\Assets\Resource::getContent(): php_network_getaddresses: getaddrinfo failed: No such host is known.  in C:\xampp\htdocs\vdevpro\cache\Phalcon_Web_Tools_Views__layouts_webtools.php on line 18
Sun 9 06:49:15 DESKTOP-J1KCQCL php: [WARNING] E_WARNING: Phalcon\Assets\Resource::getContent(https://oss.maxcdn.com/html5shiv/3.7.3/html5shiv.min.js): failed to open stream: php_network_getaddresses: getaddrinfo failed: No such host is known.  in C:\xampp\htdocs\vdevpro\cache\Phalcon_Web_Tools_Views__layouts_webtools.php on line 18
Sun 9 06:49:15 DESKTOP-J1KCQCL php: [ERROR] Uncaught exception: Resource's content for 'https://oss.maxcdn.com/html5shiv/3.7.3/html5shiv.min.js' cannot be read in C:\xampp\htdocs\vdevpro\cache\Phalcon_Web_Tools_Views__layouts_webtools.php on line 18
Sun 9 06:49:23 DESKTOP-J1KCQCL php: [WARNING] E_WARNING: Phalcon\Assets\Resource::getContent(): php_network_getaddresses: getaddrinfo failed: No such host is known.  in C:\xampp\htdocs\vdevpro\cache\Phalcon_Web_Tools_Views__layouts_webtools.php on line 18
Sun 9 06:49:23 DESKTOP-J1KCQCL php: [WARNING] E_WARNING: Phalcon\Assets\Resource::getContent(https://oss.maxcdn.com/html5shiv/3.7.3/html5shiv.min.js): failed to open stream: php_network_getaddresses: getaddrinfo failed: No such host is known.  in C:\xampp\htdocs\vdevpro\cache\Phalcon_Web_Tools_Views__layouts_webtools.php on line 18
Sun 9 06:49:23 DESKTOP-J1KCQCL php: [ERROR] Uncaught exception: Resource's content for 'https://oss.maxcdn.com/html5shiv/3.7.3/html5shiv.min.js' cannot be read in C:\xampp\htdocs\vdevpro\cache\Phalcon_Web_Tools_Views__layouts_webtools.php on line 18
Sun 9 07:04:46 DESKTOP-J1KCQCL php: [WARNING] E_WARNING: Phalcon\Assets\Resource::getContent(): php_network_getaddresses: getaddrinfo failed: No such host is known.  in C:\xampp\htdocs\vdevpro\cache\Phalcon_Web_Tools_Views__layouts_webtools.php on line 18
Sun 9 07:04:46 DESKTOP-J1KCQCL php: [WARNING] E_WARNING: Phalcon\Assets\Resource::getContent(https://oss.maxcdn.com/html5shiv/3.7.3/html5shiv.min.js): failed to open stream: php_network_getaddresses: getaddrinfo failed: No such host is known.  in C:\xampp\htdocs\vdevpro\cache\Phalcon_Web_Tools_Views__layouts_webtools.php on line 18
Sun 9 07:04:46 DESKTOP-J1KCQCL php: [ERROR] Uncaught exception: Resource's content for 'https://oss.maxcdn.com/html5shiv/3.7.3/html5shiv.min.js' cannot be read in C:\xampp\htdocs\vdevpro\cache\Phalcon_Web_Tools_Views__layouts_webtools.php on line 18
Sun 9 07:04:50 DESKTOP-J1KCQCL php: [WARNING] E_WARNING: Phalcon\Assets\Resource::getContent(): php_network_getaddresses: getaddrinfo failed: No such host is known.  in C:\xampp\htdocs\vdevpro\cache\Phalcon_Web_Tools_Views__layouts_webtools.php on line 18
Sun 9 07:04:50 DESKTOP-J1KCQCL php: [WARNING] E_WARNING: Phalcon\Assets\Resource::getContent(https://oss.maxcdn.com/html5shiv/3.7.3/html5shiv.min.js): failed to open stream: php_network_getaddresses: getaddrinfo failed: No such host is known.  in C:\xampp\htdocs\vdevpro\cache\Phalcon_Web_Tools_Views__layouts_webtools.php on line 18
Sun 9 07:04:50 DESKTOP-J1KCQCL php: [ERROR] Uncaught exception: Resource's content for 'https://oss.maxcdn.com/html5shiv/3.7.3/html5shiv.min.js' cannot be read in C:\xampp\htdocs\vdevpro\cache\Phalcon_Web_Tools_Views__layouts_webtools.php on line 18
Sun 9 07:07:55 DESKTOP-J1KCQCL php: [WARNING] E_WARNING: Phalcon\Assets\Resource::getContent(): php_network_getaddresses: getaddrinfo failed: No such host is known.  in C:\xampp\htdocs\vdevpro\cache\Phalcon_Web_Tools_Views__layouts_webtools.php on line 18
Sun 9 07:07:55 DESKTOP-J1KCQCL php: [WARNING] E_WARNING: Phalcon\Assets\Resource::getContent(https://oss.maxcdn.com/html5shiv/3.7.3/html5shiv.min.js): failed to open stream: php_network_getaddresses: getaddrinfo failed: No such host is known.  in C:\xampp\htdocs\vdevpro\cache\Phalcon_Web_Tools_Views__layouts_webtools.php on line 18
Sun 9 07:07:55 DESKTOP-J1KCQCL php: [ERROR] Uncaught exception: Resource's content for 'https://oss.maxcdn.com/html5shiv/3.7.3/html5shiv.min.js' cannot be read in C:\xampp\htdocs\vdevpro\cache\Phalcon_Web_Tools_Views__layouts_webtools.php on line 18
Sun 9 07:11:33 DESKTOP-J1KCQCL php: [WARNING] E_WARNING: Phalcon\Assets\Resource::getContent(): php_network_getaddresses: getaddrinfo failed: No such host is known.  in C:\xampp\htdocs\vdevpro\cache\Phalcon_Web_Tools_Views__layouts_webtools.php on line 18
Sun 9 07:11:33 DESKTOP-J1KCQCL php: [WARNING] E_WARNING: Phalcon\Assets\Resource::getContent(https://oss.maxcdn.com/html5shiv/3.7.3/html5shiv.min.js): failed to open stream: php_network_getaddresses: getaddrinfo failed: No such host is known.  in C:\xampp\htdocs\vdevpro\cache\Phalcon_Web_Tools_Views__layouts_webtools.php on line 18
Sun 9 07:11:33 DESKTOP-J1KCQCL php: [ERROR] Uncaught exception: Resource's content for 'https://oss.maxcdn.com/html5shiv/3.7.3/html5shiv.min.js' cannot be read in C:\xampp\htdocs\vdevpro\cache\Phalcon_Web_Tools_Views__layouts_webtools.php on line 18
Mon 10 16:49:01 DESKTOP-J1KCQCL php: [WARNING] E_WARNING: Phalcon\Assets\Manager::output(css/webtools.css): failed to open stream: No such file or directory in C:\xampp\htdocs\vdevpro\cache\Phalcon_Web_Tools_Views__layouts_webtools.php on line 20
Mon 10 17:04:30 DESKTOP-J1KCQCL php: [WARNING] E_WARNING: Phalcon\Assets\Manager::output(css/webtools.css): failed to open stream: No such file or directory in C:\xampp\htdocs\vdevpro\cache\Phalcon_Web_Tools_Views__layouts_webtools.php on line 20
Mon 10 17:16:01 DESKTOP-J1KCQCL php: [WARNING] E_WARNING: Phalcon\Assets\Manager::output(css/webtools.css): failed to open stream: No such file or directory in C:\xampp\htdocs\vdevpro\cache\Phalcon_Web_Tools_Views__layouts_webtools.php on line 20
Mon 10 17:18:01 DESKTOP-J1KCQCL php: [ERROR] Uncaught exception: Resource 'C:\xampp\htdocs\phalcon-tool\resources\\resources\css\dashboard.css' does not have a valid source path in C:\xampp\htdocs\vdevpro\cache\Phalcon_Web_Tools_Views__layouts_webtools.php on line 20
Mon 10 17:18:08 DESKTOP-J1KCQCL php: [ERROR] Uncaught exception: Resource 'C:\xampp\htdocs\phalcon-tool\resources\\resources\css\dashboard.css' does not have a valid source path in C:\xampp\htdocs\vdevpro\cache\Phalcon_Web_Tools_Views__layouts_webtools.php on line 20
Mon 10 17:18:28 DESKTOP-J1KCQCL php: [ERROR] Uncaught exception: Resource 'C:\xampp\htdocs\phalcon-tool\resources\resources\css\dashboard.css' does not have a valid source path in C:\xampp\htdocs\vdevpro\cache\Phalcon_Web_Tools_Views__layouts_webtools.php on line 20
Mon 10 17:19:25 DESKTOP-J1KCQCL php: [ERROR] Uncaught exception: Call to a member function setJs() on null in C:\xampp\htdocs\phalcon-tool\scripts\Phalcon\Mvc\Controller\Base.php on line 49
Mon 10 17:19:26 DESKTOP-J1KCQCL php: [ERROR] Uncaught exception: Call to a member function setJs() on null in C:\xampp\htdocs\phalcon-tool\scripts\Phalcon\Mvc\Controller\Base.php on line 49
Mon 10 17:19:29 DESKTOP-J1KCQCL php: [ERROR] Uncaught exception: Call to a member function setJs() on null in C:\xampp\htdocs\phalcon-tool\scripts\Phalcon\Mvc\Controller\Base.php on line 49
Mon 10 17:19:37 DESKTOP-J1KCQCL php: [ERROR] Uncaught exception: Resource 'C:\xampp\htdocs\phalcon-tool\resources\resources\css\dashboard.css' does not have a valid source path in C:\xampp\htdocs\vdevpro\cache\Phalcon_Web_Tools_Views__layouts_webtools.php on line 20
Mon 10 17:19:48 DESKTOP-J1KCQCL php: [WARNING] E_WARNING: Phalcon\Assets\Manager::output(css/webtools.css): failed to open stream: No such file or directory in C:\xampp\htdocs\vdevpro\cache\Phalcon_Web_Tools_Views__layouts_webtools.php on line 20
Mon 10 17:25:39 DESKTOP-J1KCQCL php: [ERROR] Uncaught exception: Path '' is not a valid target path (1) in C:\xampp\htdocs\vdevpro\cache\Phalcon_Web_Tools_Views__layouts_webtools.php on line 20
Mon 10 17:25:56 DESKTOP-J1KCQCL php: [ERROR] Uncaught exception: Path '' is not a valid target path (1) in C:\xampp\htdocs\vdevpro\cache\Phalcon_Web_Tools_Views__layouts_webtools.php on line 20
Mon 10 17:26:29 DESKTOP-J1KCQCL php: [WARNING] E_WARNING: Phalcon\Assets\Manager::output(css/webtools.css): failed to open stream: No such file or directory in C:\xampp\htdocs\vdevpro\cache\Phalcon_Web_Tools_Views__layouts_webtools.php on line 20
Mon 10 17:34:01 DESKTOP-J1KCQCL php: [ERROR] Uncaught exception: The collection does not exist in the manager in phalcon/assets/manager.zep on line 235
Mon 10 17:34:14 DESKTOP-J1KCQCL php: [ERROR] Uncaught exception: The collection does not exist in the manager in phalcon/assets/manager.zep on line 235
Mon 10 17:36:54 DESKTOP-J1KCQCL php: [WARNING] E_WARNING: Phalcon\Assets\Manager::output(css/webtools.css): failed to open stream: No such file or directory in C:\xampp\htdocs\vdevpro\cache\Phalcon_Web_Tools_Views__layouts_webtools.php on line 20
Mon 10 17:36:54 DESKTOP-J1KCQCL php: [ERROR] Uncaught exception: The collection does not exist in the manager in phalcon/assets/manager.zep on line 235
Mon 10 17:37:04 DESKTOP-J1KCQCL php: [WARNING] E_WARNING: Phalcon\Assets\Manager::output(css/webtools.css): failed to open stream: No such file or directory in C:\xampp\htdocs\vdevpro\cache\Phalcon_Web_Tools_Views__layouts_webtools.php on line 20
Mon 10 17:37:04 DESKTOP-J1KCQCL php: [ERROR] Uncaught exception: The collection does not exist in the manager in phalcon/assets/manager.zep on line 235
Mon 10 17:45:04 DESKTOP-J1KCQCL php: [ERROR] Uncaught exception: Embedding blocks into other blocks is not supported in C:\xampp\htdocs\phalcon-tool\scripts\Phalcon\Web\Tools\Views\/layouts\webtools.volt on line 61 in C:\xampp\htdocs\phalcon-tool\scripts\Phalcon\Bootstrap.php on line 191
Mon 10 17:45:07 DESKTOP-J1KCQCL php: [ERROR] Uncaught exception: Embedding blocks into other blocks is not supported in C:\xampp\htdocs\phalcon-tool\scripts\Phalcon\Web\Tools\Views\/layouts\webtools.volt on line 61 in C:\xampp\htdocs\phalcon-tool\scripts\Phalcon\Bootstrap.php on line 191
Mon 10 17:45:16 DESKTOP-J1KCQCL php: [ERROR] Uncaught exception: Embedding blocks into other blocks is not supported in C:\xampp\htdocs\phalcon-tool\scripts\Phalcon\Web\Tools\Views\/layouts\webtools.volt on line 61 in C:\xampp\htdocs\phalcon-tool\scripts\Phalcon\Bootstrap.php on line 191
Mon 10 17:49:14 DESKTOP-J1KCQCL php: [WARNING] E_WARNING: Phalcon\Assets\Manager::output(css/webtools.css): failed to open stream: No such file or directory in C:\xampp\htdocs\vdevpro\cache\Phalcon_Web_Tools_Views__layouts_webtools.php on line 18
Mon 10 17:49:14 DESKTOP-J1KCQCL php: [ERROR] Uncaught exception: The collection does not exist in the manager in phalcon/assets/manager.zep on line 235
Mon 10 17:54:31 DESKTOP-J1KCQCL php: [ERROR] Uncaught exception: The collection does not exist in the manager in phalcon/assets/manager.zep on line 235
Mon 10 17:54:34 DESKTOP-J1KCQCL php: [ERROR] Uncaught exception: The collection does not exist in the manager in phalcon/assets/manager.zep on line 235
Mon 10 17:55:34 DESKTOP-J1KCQCL php: [ERROR] Uncaught exception: The collection does not exist in the manager in phalcon/assets/manager.zep on line 235
